{"numFailedTestSuites":1,"numFailedTests":6,"numPassedTestSuites":0,"numPassedTests":0,"numPendingTestSuites":0,"numPendingTests":0,"numRuntimeErrorTestSuites":0,"numTodoTests":0,"numTotalTestSuites":1,"numTotalTests":6,"openHandles":[],"snapshot":{"added":0,"didUpdate":false,"failure":false,"filesAdded":0,"filesRemoved":0,"filesRemovedList":[],"filesUnmatched":0,"filesUpdated":0,"matched":0,"total":0,"unchecked":0,"uncheckedKeysByFile":[],"unmatched":0,"updated":0},"startTime":1731168221543,"success":false,"testResults":[{"assertionResults":[{"ancestorTitles":[],"failureMessages":["Error: expect(element).toHaveTextContent()\n\nExpected element to have text content:\n  HOME PAGE\nReceived:\n\n    at Object.<anonymous> (/home/john/Downloads/challenge-rep/react/React Test - Navigation/src/App.test.js:25:22)\n    at Object.asyncJestTest (/home/john/Downloads/challenge-rep/react/React Test - Navigation/node_modules/jest-jasmine2/build/jasmineAsyncInstall.js:102:37)\n    at /home/john/Downloads/challenge-rep/react/React Test - Navigation/node_modules/jest-jasmine2/build/queueRunner.js:43:12\n    at new Promise (<anonymous>)\n    at mapper (/home/john/Downloads/challenge-rep/react/React Test - Navigation/node_modules/jest-jasmine2/build/queueRunner.js:26:19)\n    at /home/john/Downloads/challenge-rep/react/React Test - Navigation/node_modules/jest-jasmine2/build/queueRunner.js:73:41"],"fullName":"initial UI is rendered as expected","location":null,"status":"failed","title":"initial UI is rendered as expected"},{"ancestorTitles":[],"failureMessages":["Error: expect(element).toHaveTextContent()\n\nExpected element to have text content:\n  NEWS PAGE\nReceived:\n\n    at Object.<anonymous> (/home/john/Downloads/challenge-rep/react/React Test - Navigation/src/App.test.js:30:22)\n    at Object.asyncJestTest (/home/john/Downloads/challenge-rep/react/React Test - Navigation/node_modules/jest-jasmine2/build/jasmineAsyncInstall.js:102:37)\n    at /home/john/Downloads/challenge-rep/react/React Test - Navigation/node_modules/jest-jasmine2/build/queueRunner.js:43:12\n    at new Promise (<anonymous>)\n    at mapper (/home/john/Downloads/challenge-rep/react/React Test - Navigation/node_modules/jest-jasmine2/build/queueRunner.js:26:19)\n    at /home/john/Downloads/challenge-rep/react/React Test - Navigation/node_modules/jest-jasmine2/build/queueRunner.js:73:41"],"fullName":"News tab works","location":null,"status":"failed","title":"News tab works"},{"ancestorTitles":[],"failureMessages":["Error: expect(element).toHaveTextContent()\n\nExpected element to have text content:\n  CONTACT PAGE\nReceived:\n\n    at Object.<anonymous> (/home/john/Downloads/challenge-rep/react/React Test - Navigation/src/App.test.js:35:22)\n    at Object.asyncJestTest (/home/john/Downloads/challenge-rep/react/React Test - Navigation/node_modules/jest-jasmine2/build/jasmineAsyncInstall.js:102:37)\n    at /home/john/Downloads/challenge-rep/react/React Test - Navigation/node_modules/jest-jasmine2/build/queueRunner.js:43:12\n    at new Promise (<anonymous>)\n    at mapper (/home/john/Downloads/challenge-rep/react/React Test - Navigation/node_modules/jest-jasmine2/build/queueRunner.js:26:19)\n    at /home/john/Downloads/challenge-rep/react/React Test - Navigation/node_modules/jest-jasmine2/build/queueRunner.js:73:41"],"fullName":"Contact tab works","location":null,"status":"failed","title":"Contact tab works"},{"ancestorTitles":[],"failureMessages":["Error: expect(element).toHaveTextContent()\n\nExpected element to have text content:\n  ABOUT PAGE\nReceived:\n\n    at Object.<anonymous> (/home/john/Downloads/challenge-rep/react/React Test - Navigation/src/App.test.js:40:22)\n    at Object.asyncJestTest (/home/john/Downloads/challenge-rep/react/React Test - Navigation/node_modules/jest-jasmine2/build/jasmineAsyncInstall.js:102:37)\n    at /home/john/Downloads/challenge-rep/react/React Test - Navigation/node_modules/jest-jasmine2/build/queueRunner.js:43:12\n    at new Promise (<anonymous>)\n    at mapper (/home/john/Downloads/challenge-rep/react/React Test - Navigation/node_modules/jest-jasmine2/build/queueRunner.js:26:19)\n    at /home/john/Downloads/challenge-rep/react/React Test - Navigation/node_modules/jest-jasmine2/build/queueRunner.js:73:41"],"fullName":"About tab works","location":null,"status":"failed","title":"About tab works"},{"ancestorTitles":[],"failureMessages":["Error: expect(element).toHaveTextContent()\n\nExpected element to have text content:\n  HOME PAGE\nReceived:\n\n    at Object.<anonymous> (/home/john/Downloads/challenge-rep/react/React Test - Navigation/src/App.test.js:45:22)\n    at Object.asyncJestTest (/home/john/Downloads/challenge-rep/react/React Test - Navigation/node_modules/jest-jasmine2/build/jasmineAsyncInstall.js:102:37)\n    at /home/john/Downloads/challenge-rep/react/React Test - Navigation/node_modules/jest-jasmine2/build/queueRunner.js:43:12\n    at new Promise (<anonymous>)\n    at mapper (/home/john/Downloads/challenge-rep/react/React Test - Navigation/node_modules/jest-jasmine2/build/queueRunner.js:26:19)\n    at /home/john/Downloads/challenge-rep/react/React Test - Navigation/node_modules/jest-jasmine2/build/queueRunner.js:73:41"],"fullName":"Home tab works","location":null,"status":"failed","title":"Home tab works"},{"ancestorTitles":[],"failureMessages":["Error: expect(element).toHaveTextContent()\n\nExpected element to have text content:\n  ABOUT PAGE\nReceived:\n\n    at Object.<anonymous> (/home/john/Downloads/challenge-rep/react/React Test - Navigation/src/App.test.js:50:22)\n    at Object.asyncJestTest (/home/john/Downloads/challenge-rep/react/React Test - Navigation/node_modules/jest-jasmine2/build/jasmineAsyncInstall.js:102:37)\n    at /home/john/Downloads/challenge-rep/react/React Test - Navigation/node_modules/jest-jasmine2/build/queueRunner.js:43:12\n    at new Promise (<anonymous>)\n    at mapper (/home/john/Downloads/challenge-rep/react/React Test - Navigation/node_modules/jest-jasmine2/build/queueRunner.js:26:19)\n    at /home/john/Downloads/challenge-rep/react/React Test - Navigation/node_modules/jest-jasmine2/build/queueRunner.js:73:41"],"fullName":"Navigation works","location":null,"status":"failed","title":"Navigation works"}],"endTime":1731168223116,"message":"  ● initial UI is rendered as expected\n\n    expect(element).toHaveTextContent()\n\n    Expected element to have text content:\n      HOME PAGE\n    Received:\n\n    \u001b[0m \u001b[90m 23 |\u001b[39m   expect(navigationTabs\u001b[33m.\u001b[39mchildren[\u001b[35m2\u001b[39m])\u001b[33m.\u001b[39mtoHaveTextContent(\u001b[32m\"Contact\"\u001b[39m)\u001b[33m;\u001b[39m\n     \u001b[90m 24 |\u001b[39m   expect(navigationTabs\u001b[33m.\u001b[39mchildren[\u001b[35m3\u001b[39m])\u001b[33m.\u001b[39mtoHaveTextContent(\u001b[32m\"About\"\u001b[39m)\u001b[33m;\u001b[39m\n    \u001b[31m\u001b[1m>\u001b[22m\u001b[39m\u001b[90m 25 |\u001b[39m   expect(tabContent)\u001b[33m.\u001b[39mtoHaveTextContent(\u001b[32m\"HOME PAGE\"\u001b[39m)\u001b[33m;\u001b[39m\n     \u001b[90m    |\u001b[39m                      \u001b[31m\u001b[1m^\u001b[22m\u001b[39m\n     \u001b[90m 26 |\u001b[39m })\u001b[33m;\u001b[39m\n     \u001b[90m 27 |\u001b[39m\n     \u001b[90m 28 |\u001b[39m test(\u001b[32m\"News tab works\"\u001b[39m\u001b[33m,\u001b[39m () \u001b[33m=>\u001b[39m {\u001b[0m\n\n      at Object.<anonymous> (src/App.test.js:25:22)\n\n  ● News tab works\n\n    expect(element).toHaveTextContent()\n\n    Expected element to have text content:\n      NEWS PAGE\n    Received:\n\n    \u001b[0m \u001b[90m 28 |\u001b[39m test(\u001b[32m\"News tab works\"\u001b[39m\u001b[33m,\u001b[39m () \u001b[33m=>\u001b[39m {\n     \u001b[90m 29 |\u001b[39m   fireEvent\u001b[33m.\u001b[39mclick(navigationTabs\u001b[33m.\u001b[39mchildren[\u001b[35m1\u001b[39m])\u001b[33m;\u001b[39m\n    \u001b[31m\u001b[1m>\u001b[22m\u001b[39m\u001b[90m 30 |\u001b[39m   expect(tabContent)\u001b[33m.\u001b[39mtoHaveTextContent(\u001b[32m\"NEWS PAGE\"\u001b[39m)\u001b[33m;\u001b[39m\n     \u001b[90m    |\u001b[39m                      \u001b[31m\u001b[1m^\u001b[22m\u001b[39m\n     \u001b[90m 31 |\u001b[39m })\u001b[33m;\u001b[39m\n     \u001b[90m 32 |\u001b[39m\n     \u001b[90m 33 |\u001b[39m test(\u001b[32m\"Contact tab works\"\u001b[39m\u001b[33m,\u001b[39m () \u001b[33m=>\u001b[39m {\u001b[0m\n\n      at Object.<anonymous> (src/App.test.js:30:22)\n\n  ● Contact tab works\n\n    expect(element).toHaveTextContent()\n\n    Expected element to have text content:\n      CONTACT PAGE\n    Received:\n\n    \u001b[0m \u001b[90m 33 |\u001b[39m test(\u001b[32m\"Contact tab works\"\u001b[39m\u001b[33m,\u001b[39m () \u001b[33m=>\u001b[39m {\n     \u001b[90m 34 |\u001b[39m   fireEvent\u001b[33m.\u001b[39mclick(navigationTabs\u001b[33m.\u001b[39mchildren[\u001b[35m2\u001b[39m])\u001b[33m;\u001b[39m\n    \u001b[31m\u001b[1m>\u001b[22m\u001b[39m\u001b[90m 35 |\u001b[39m   expect(tabContent)\u001b[33m.\u001b[39mtoHaveTextContent(\u001b[32m\"CONTACT PAGE\"\u001b[39m)\u001b[33m;\u001b[39m\n     \u001b[90m    |\u001b[39m                      \u001b[31m\u001b[1m^\u001b[22m\u001b[39m\n     \u001b[90m 36 |\u001b[39m })\u001b[33m;\u001b[39m\n     \u001b[90m 37 |\u001b[39m\n     \u001b[90m 38 |\u001b[39m test(\u001b[32m\"About tab works\"\u001b[39m\u001b[33m,\u001b[39m () \u001b[33m=>\u001b[39m {\u001b[0m\n\n      at Object.<anonymous> (src/App.test.js:35:22)\n\n  ● About tab works\n\n    expect(element).toHaveTextContent()\n\n    Expected element to have text content:\n      ABOUT PAGE\n    Received:\n\n    \u001b[0m \u001b[90m 38 |\u001b[39m test(\u001b[32m\"About tab works\"\u001b[39m\u001b[33m,\u001b[39m () \u001b[33m=>\u001b[39m {\n     \u001b[90m 39 |\u001b[39m   fireEvent\u001b[33m.\u001b[39mclick(navigationTabs\u001b[33m.\u001b[39mchildren[\u001b[35m3\u001b[39m])\u001b[33m;\u001b[39m\n    \u001b[31m\u001b[1m>\u001b[22m\u001b[39m\u001b[90m 40 |\u001b[39m   expect(tabContent)\u001b[33m.\u001b[39mtoHaveTextContent(\u001b[32m\"ABOUT PAGE\"\u001b[39m)\u001b[33m;\u001b[39m\n     \u001b[90m    |\u001b[39m                      \u001b[31m\u001b[1m^\u001b[22m\u001b[39m\n     \u001b[90m 41 |\u001b[39m })\u001b[33m;\u001b[39m\n     \u001b[90m 42 |\u001b[39m\n     \u001b[90m 43 |\u001b[39m test(\u001b[32m\"Home tab works\"\u001b[39m\u001b[33m,\u001b[39m () \u001b[33m=>\u001b[39m {\u001b[0m\n\n      at Object.<anonymous> (src/App.test.js:40:22)\n\n  ● Home tab works\n\n    expect(element).toHaveTextContent()\n\n    Expected element to have text content:\n      HOME PAGE\n    Received:\n\n    \u001b[0m \u001b[90m 43 |\u001b[39m test(\u001b[32m\"Home tab works\"\u001b[39m\u001b[33m,\u001b[39m () \u001b[33m=>\u001b[39m {\n     \u001b[90m 44 |\u001b[39m   fireEvent\u001b[33m.\u001b[39mclick(navigationTabs\u001b[33m.\u001b[39mchildren[\u001b[35m0\u001b[39m])\u001b[33m;\u001b[39m\n    \u001b[31m\u001b[1m>\u001b[22m\u001b[39m\u001b[90m 45 |\u001b[39m   expect(tabContent)\u001b[33m.\u001b[39mtoHaveTextContent(\u001b[32m\"HOME PAGE\"\u001b[39m)\u001b[33m;\u001b[39m\n     \u001b[90m    |\u001b[39m                      \u001b[31m\u001b[1m^\u001b[22m\u001b[39m\n     \u001b[90m 46 |\u001b[39m })\u001b[33m;\u001b[39m\n     \u001b[90m 47 |\u001b[39m\n     \u001b[90m 48 |\u001b[39m test(\u001b[32m\"Navigation works\"\u001b[39m\u001b[33m,\u001b[39m () \u001b[33m=>\u001b[39m {\u001b[0m\n\n      at Object.<anonymous> (src/App.test.js:45:22)\n\n  ● Navigation works\n\n    expect(element).toHaveTextContent()\n\n    Expected element to have text content:\n      ABOUT PAGE\n    Received:\n\n    \u001b[0m \u001b[90m 48 |\u001b[39m test(\u001b[32m\"Navigation works\"\u001b[39m\u001b[33m,\u001b[39m () \u001b[33m=>\u001b[39m {\n     \u001b[90m 49 |\u001b[39m   fireEvent\u001b[33m.\u001b[39mclick(navigationTabs\u001b[33m.\u001b[39mchildren[\u001b[35m3\u001b[39m])\u001b[33m;\u001b[39m\n    \u001b[31m\u001b[1m>\u001b[22m\u001b[39m\u001b[90m 50 |\u001b[39m   expect(tabContent)\u001b[33m.\u001b[39mtoHaveTextContent(\u001b[32m\"ABOUT PAGE\"\u001b[39m)\u001b[33m;\u001b[39m\n     \u001b[90m    |\u001b[39m                      \u001b[31m\u001b[1m^\u001b[22m\u001b[39m\n     \u001b[90m 51 |\u001b[39m   fireEvent\u001b[33m.\u001b[39mclick(navigationTabs\u001b[33m.\u001b[39mchildren[\u001b[35m1\u001b[39m])\u001b[33m;\u001b[39m\n     \u001b[90m 52 |\u001b[39m   expect(tabContent)\u001b[33m.\u001b[39mtoHaveTextContent(\u001b[32m\"NEWS PAGE\"\u001b[39m)\u001b[33m;\u001b[39m\n     \u001b[90m 53 |\u001b[39m   fireEvent\u001b[33m.\u001b[39mclick(navigationTabs\u001b[33m.\u001b[39mchildren[\u001b[35m2\u001b[39m])\u001b[33m;\u001b[39m\u001b[0m\n\n      at Object.<anonymous> (src/App.test.js:50:22)\n","name":"/home/john/Downloads/challenge-rep/react/React Test - Navigation/src/App.test.js","startTime":1731168221983,"status":"failed","summary":""}],"wasInterrupted":false}